生成启动时间为 2020/11/3 19:30:03。
     1>项目“c:\Users\lenovo1\documents\visual studio 2013\Projects\C++_priority_queue实现\C++_priority_queue实现\C++_priority_queue实现.vcxproj”在节点 2 上(Build 个目标)。
     1>ClCompile:
         C:\Program Files (x86)\Microsoft Visual Studio 12.0\VC\bin\CL.exe /c /ZI /nologo /W3 /WX- /Od /Oy- /D WIN32 /D _DEBUG /D _CONSOLE /D _LIB /D _UNICODE /D UNICODE /Gm /EHsc /RTC1 /MDd /GS /fp:precise /Zc:wchar_t /Zc:forScope /Fo"Debug\\" /Fd"Debug\vc120.pdb" /Gd /TP /analyze- /errorReport:prompt test.cpp
         test.cpp
     1>c:\users\lenovo1\documents\visual studio 2013\projects\c++_priority_queue实现\c++_priority_queue实现\priority_queue.h(59): warning C4018: “<”: 有符号/无符号不匹配
                 c:\users\lenovo1\documents\visual studio 2013\projects\c++_priority_queue实现\c++_priority_queue实现\priority_queue.h(56): 编译类 模板 成员函数“void txt_priority_queue::priority_queue<int,std::vector<T,std::allocator<_Ty>>,txt_priority_queue::less<T>>::AdJustDown(int)”时
                 with
                 [
                     T=int
         ,            _Ty=int
                 ]
                 c:\users\lenovo1\documents\visual studio 2013\projects\c++_priority_queue实现\c++_priority_queue实现\priority_queue.h(91): 参见对正在编译的函数 模板 实例化“void txt_priority_queue::priority_queue<int,std::vector<T,std::allocator<_Ty>>,txt_priority_queue::less<T>>::AdJustDown(int)”的引用
                 with
                 [
                     T=int
         ,            _Ty=int
                 ]
                 c:\users\lenovo1\documents\visual studio 2013\projects\c++_priority_queue实现\c++_priority_queue实现\priority_queue.h(115): 参见对正在编译的类 模板 实例化“txt_priority_queue::priority_queue<int,std::vector<T,std::allocator<_Ty>>,txt_priority_queue::less<T>>”的引用
                 with
                 [
                     T=int
         ,            _Ty=int
                 ]
     1>c:\users\lenovo1\documents\visual studio 2013\projects\c++_priority_queue实现\c++_priority_queue实现\priority_queue.h(63): warning C4018: “<”: 有符号/无符号不匹配
       Link:
         C:\Program Files (x86)\Microsoft Visual Studio 12.0\VC\bin\link.exe /ERRORREPORT:PROMPT /OUT:"c:\users\lenovo1\documents\visual studio 2013\Projects\C++_priority_queue实现\Debug\C++_priority_queue实现.exe" /INCREMENTAL /NOLOGO kernel32.lib user32.lib gdi32.lib winspool.lib comdlg32.lib advapi32.lib shell32.lib ole32.lib oleaut32.lib uuid.lib odbc32.lib odbccp32.lib /MANIFEST /MANIFESTUAC:"level='asInvoker' uiAccess='false'" /manifest:embed /DEBUG /PDB:"c:\users\lenovo1\documents\visual studio 2013\Projects\C++_priority_queue实现\Debug\C++_priority_queue实现.pdb" /SUBSYSTEM:CONSOLE /TLBID:1 /DYNAMICBASE /NXCOMPAT /IMPLIB:"c:\users\lenovo1\documents\visual studio 2013\Projects\C++_priority_queue实现\Debug\C++_priority_queue实现.lib" /MACHINE:X86 Debug\test.obj
         C++_priority_queue实现.vcxproj -> c:\users\lenovo1\documents\visual studio 2013\Projects\C++_priority_queue实现\Debug\C++_priority_queue实现.exe
     1>已完成生成项目“c:\Users\lenovo1\documents\visual studio 2013\Projects\C++_priority_queue实现\C++_priority_queue实现\C++_priority_queue实现.vcxproj”(Build 个目标)的操作。

生成成功。

已用时间 00:00:02.83
